<?xml version="1.0" encoding="utf-8"?>
<test-results name="Test results" errors="0" inconclusive="0" ignored="0" invalid="0" not-run="0" date="2018-01-19" time="10:22:15" total="1591" skipped="7">
  <environment os-version="unknown" platform="unknown" cwd="unknown" machine-name="unknown" user="unknown" user-domain="unknown" nunit-version="xUnit.net 99.99.99.0" clr-version="64-bit .NET Standard [collection-per-class, non-parallel]" />
  <culture-info current-culture="unknown" current-uiculture="unknown" />
  <test-suite type="Assemblies" name="xUnit.net Tests" executed="True" success="True" result="Success" time="236.173">
    <results>
      <test-suite type="Assembly" executed="True" name="FastTests.dll" result="Success" success="True" time="236.173">
        <results>
          <test-suite type="TestCollection" executed="True" name="Test collection for FastTests.Blittable.BlittableJsonWriterTests.ConcurrentAccessTests" result="Success" success="True" time="0.956">
            <results>
              <test-case name="FastTests.Blittable.BlittableJsonWriterTests.ConcurrentAccessTests.ConcurrentReadsTest" executed="True" result="Success" success="True" time="0.9560174" />
            </results>
          </test-suite>
          <test-suite type="TestCollection" executed="True" name="Test collection for FastTests.Issues.RDBC_78" result="Success" success="True" time="10.260">
            <results>
              <test-case name="FastTests.Issues.RDBC_78.CanQueryNestedClass" executed="True" result="Success" success="True" time="10.2604647" />
            </results>
          </test-suite>
          <test-suite type="TestCollection" executed="True" name="Test collection for FastTests.Server.Documents.Queries.Dynamic.MapReduce.RavenDB_8075" result="Success" success="True" time="0.272">
            <results>
              <test-case name="FastTests.Server.Documents.Queries.Dynamic.MapReduce.RavenDB_8075.Should_match_auto_map_reduce_index_if_analyzed_field_isnt_used_in_where" executed="True" result="Success" success="True" time="0.1896005" />
              <test-case name="FastTests.Server.Documents.Queries.Dynamic.MapReduce.RavenDB_8075.Should_match_auto_map_index_if_analyzed_field_isnt_used_in_where" executed="True" result="Success" success="True" time="0.0824866" />
            </results>
          </test-suite>
          <test-suite type="TestCollection" executed="True" name="Test collection for FastTests.Client.QueryDateTime" result="Success" success="True" time="0.805">
            <results>
              <test-case name="FastTests.Client.QueryDateTime.StaticQueryingDateTimeShouldWork" executed="True" result="Success" success="True" time="0.3720578" />
              <test-case name="FastTests.Client.QueryDateTime.DynamicQueryingDateTimeShouldWork" executed="True" result="Success" success="True" time="0.433286" />
            </results>
          </test-suite>
          <test-suite type="TestCollection" executed="True" name="Test collection for FastTests.Server.Basic.Crud" result="Success" success="True" time="0.217">
            <results>
              <test-case name="FastTests.Server.Basic.Crud.CanSaveAndLoad" executed="True" result="Success" success="True" time="0.1226793" />
              <test-case name="FastTests.Server.Basic.Crud.CanOverwriteDocumentWithSmallerValue" executed="True" result="Success" success="True" time="0.0947126" />
            </results>
          </test-suite>
          <test-suite type="TestCollection" executed="True" name="Test collection for FastTests.Issues.RavenDB_6960" result="Success" success="True" time="0.001">
            <results>
              <test-case name="FastTests.Issues.RavenDB_6960.EnableDebuggingMustBeSetToFalseForSecurityReasons" executed="True" result="Success" success="True" time="0.0007343" />
            </results>
          </test-suite>
          <test-suite type="TestCollection" executed="True" name="Test collection for FastTests.Voron.Backups.Full" result="Success" success="True" time="0.195">
            <results>
              <test-case name="FastTests.Voron.Backups.Full.CanBackupAndRestoreSmall" executed="True" result="Success" success="True" time="0.1949845" />
            </results>
          </test-suite>
          <test-suite type="TestCollection" executed="True" name="Test collection for FastTests.Server.Documents.Queries.WaitingForNonStaleResults" result="Success" success="True" time="0.432">
            <results>
              <test-case name="FastTests.Server.Documents.Queries.WaitingForNonStaleResults.As_of_now_usage" executed="True" result="Success" success="True" time="0.1719363" />
              <test-case name="FastTests.Server.Documents.Queries.WaitingForNonStaleResults.Throws_if_exceeds_timeout" executed="True" result="Success" success="True" time="0.1254453" />
              <test-case name="FastTests.Server.Documents.Queries.WaitingForNonStaleResults.Cutoff_etag_usage" executed="True" result="Success" success="True" time="0.134858" />
            </results>
          </test-suite>
          <test-suite type="TestCollection" executed="True" name="Test collection for FastTests.Server.Documents.Queries.Dynamic.MapReduce.CreationOfAutoMapReduceIndexDefinition" result="Success" success="True" time="0.011">
            <results>
              <test-case name="FastTests.Server.Documents.Queries.Dynamic.MapReduce.CreationOfAutoMapReduceIndexDefinition.Can_be_no_aggregation_field_in_dynamic_group_by" executed="True" result="Success" success="True" time="0.0002395" />
              <test-case name="FastTests.Server.Documents.Queries.Dynamic.MapReduce.CreationOfAutoMapReduceIndexDefinition.Error_when_no_group_by_field" executed="True" result="Success" success="True" time="0.0017561" />
              <test-case name="FastTests.Server.Documents.Queries.Dynamic.MapReduce.CreationOfAutoMapReduceIndexDefinition.Map_all_fields" executed="True" result="Success" success="True" time="0.0005761" />
              <test-case name="FastTests.Server.Documents.Queries.Dynamic.MapReduce.CreationOfAutoMapReduceIndexDefinition.Extends_mapping_based_on_existing_definition_if_group_by_fields_match" executed="True" result="Success" success="True" time="0.0069173" />
              <test-case name="FastTests.Server.Documents.Queries.Dynamic.MapReduce.CreationOfAutoMapReduceIndexDefinition.SpecifyingInvalidParametersWillResultInException" executed="True" result="Success" success="True" time="0.0015709" />
            </results>
          </test-suite>
          <test-suite type="TestCollection" executed="True" name="Test collection for FastTests.Server.Documents.Indexing.BasicAnalyzers" result="Success" success="True" time="0.011">
            <results>
              <test-case name="FastTests.Server.Documents.Indexing.BasicAnalyzers.CheckAnalyzers" executed="True" result="Success" success="True" time="0.011222" />
            </results>
          </test-suite>
          <test-suite type="TestCollection" executed="True" name="Test collection for FastTests.Server.Documents.Indexing.Lucene.LuceneDocumentConverterTests" result="Success" success="True" time="0.037">
            <results>
              <test-case name="FastTests.Server.Documents.Indexing.Lucene.LuceneDocumentConverterTests.Conversion_of_string_value" executed="True" result="Success" success="True" time="0.0056125" />
              <test-case name="FastTests.Server.Documents.Indexing.Lucene.LuceneDocumentConverterTests.Reuses_cached_document_instance" executed="True" result="Success" success="True" time="0.0017255" />
              <test-case name="FastTests.Server.Documents.Indexing.Lucene.LuceneDocumentConverterTests.Conversion_of_numeric_fields" executed="True" result="Success" success="True" time="0.0036871" />
              <test-case name="FastTests.Server.Documents.Indexing.Lucene.LuceneDocumentConverterTests.Returns_empty_string_value_if_property_has_empty_string" executed="True" result="Success" success="True" time="0.0011364" />
              <test-case name="FastTests.Server.Documents.Indexing.Lucene.LuceneDocumentConverterTests.Conversion_of_string_value_nested_inside_collection" executed="True" result="Success" success="True" time="0.0091714" />
              <test-case name="FastTests.Server.Documents.Indexing.Lucene.LuceneDocumentConverterTests.Conversion_of_complex_value" executed="True" result="Success" success="True" time="0.0034136" />
              <test-case name="FastTests.Server.Documents.Indexing.Lucene.LuceneDocumentConverterTests.Conversion_of_string_value_nested_inside_double_nested_collections" executed="True" result="Success" success="True" time="0.0023024" />
              <test-case name="FastTests.Server.Documents.Indexing.Lucene.LuceneDocumentConverterTests.Returns_null_value_if_property_is_null" executed="True" result="Success" success="True" time="0.0012347" />
              <test-case name="FastTests.Server.Documents.Indexing.Lucene.LuceneDocumentConverterTests.Conversion_of_nested_string_value" executed="True" result="Success" success="True" time="0.0010144" />
              <test-case name="FastTests.Server.Documents.Indexing.Lucene.LuceneDocumentConverterTests.Conversion_of_array_having_complex_values" executed="True" result="Success" success="True" time="0.0065936" />
              <test-case name="FastTests.Server.Documents.Indexing.Lucene.LuceneDocumentConverterTests.Conversion_of_array_value" executed="True" result="Success" success="True" time="0.0013357" />
            </results>
          </test-suite>
          <test-suite type="TestCollection" executed="True" name="Test collection for FastTests.Server.Documents.Queries.Dynamic.Map.MatchingAutoMapIndexesForDynamicQueries" result="Success" success="True" time="1.152">
            <results>
              <test-case name="FastTests.Server.Documents.Queries.Dynamic.Map.MatchingAutoMapIndexesForDynamicQueries.Failure_if_there_is_no_index" executed="True" result="Success" success="True" time="0.0504935" />
              <test-case name="FastTests.Server.Documents.Queries.Dynamic.Map.MatchingAutoMapIndexesForDynamicQueries.Complete_match_for_index_containing_all_fields" executed="True" result="Success" success="True" time="0.098112" />
              <test-case name="FastTests.Server.Documents.Queries.Dynamic.Map.MatchingAutoMapIndexesForDynamicQueries.Failure_if_matching_index_is_disabled_errored_or_has_lot_of_errors" executed="True" result="Success" success="True" time="0.0863937" />
              <test-case name="FastTests.Server.Documents.Queries.Dynamic.Map.MatchingAutoMapIndexesForDynamicQueries.Complete_match_for_single_matching_index_with_mapping_nested_fields" executed="True" result="Success" success="True" time="0.0888753" />
              <test-case name="FastTests.Server.Documents.Queries.Dynamic.Map.MatchingAutoMapIndexesForDynamicQueries.Complete_match_query_sort_is_default_and_definition_doesn_not_specify_sorting_at_all" executed="True" result="Success" success="True" time="0.091458" />
              <test-case name="FastTests.Server.Documents.Queries.Dynamic.Map.MatchingAutoMapIndexesForDynamicQueries.PartialMatch_for_index_containing_only_part_of_indexes_fields" executed="True" result="Success" success="True" time="0.0676635" />
              <test-case name="FastTests.Server.Documents.Queries.Dynamic.Map.MatchingAutoMapIndexesForDynamicQueries.Complete_match_for_single_matching_index_with_numeric_sort_option_for_nested_field" executed="True" result="Success" success="True" time="0.079959" />
              <test-case name="FastTests.Server.Documents.Queries.Dynamic.Map.MatchingAutoMapIndexesForDynamicQueries.Failure_if_there_is_no_index_for_given_collection" executed="True" result="Success" success="True" time="0.0672969" />
              <test-case name="FastTests.Server.Documents.Queries.Dynamic.Map.MatchingAutoMapIndexesForDynamicQueries.Partial_match_when_sort_field_is_not_mapped" executed="True" result="Success" success="True" time="0.0778822" />
              <test-case name="FastTests.Server.Documents.Queries.Dynamic.Map.MatchingAutoMapIndexesForDynamicQueries.Complete_match_for_single_matching_index" executed="True" result="Success" success="True" time="0.0731032" />
              <test-case name="FastTests.Server.Documents.Queries.Dynamic.Map.MatchingAutoMapIndexesForDynamicQueries.Partial_match_if_analyzer_is_required" executed="True" result="Success" success="True" time="0.1353025" />
              <test-case name="FastTests.Server.Documents.Queries.Dynamic.Map.MatchingAutoMapIndexesForDynamicQueries.Complete_match_for_single_matching_index_with_default_string_sort_option" executed="True" result="Success" success="True" time="0.0784277" />
              <test-case name="FastTests.Server.Documents.Queries.Dynamic.Map.MatchingAutoMapIndexesForDynamicQueries.Partial_match_if_exact_is_required" executed="True" result="Success" success="True" time="0.1573456" />
            </results>
          </test-suite>
          <test-suite type="TestCollection" executed="True" name="Test collection for FastTests.Client.Events" result="Success" success="True" time="0.098">
            <results>
              <test-case name="FastTests.Client.Events.Before_Store_Listerner" executed="True" result="Success" success="True" time="0.0978615" />
            </results>
          </test-suite>
          <test-suite type="TestCollection" executed="True" name="Test collection for FastTests.Client.Subscriptions.RavenDB_8814" result="Success" success="True" time="0.613">
            <results>
              <test-case name="FastTests.Client.Subscriptions.RavenDB_8814.ShouldSupportProjectionAndFilter" executed="True" result="Success" success="True" time="0.6125768" />
            </results>
          </test-suite>
          <test-suite type="TestCollection" executed="True" name="Test collection for FastTests.Voron.MultiValueTree" result="Success" success="True" time="0.482">
            <results>
              <test-case name="FastTests.Voron.MultiValueTree.Multiple_MultiAdd_And_MultiDelete_InTheSame_Transaction_EntryDeleted" executed="True" result="Success" success="True" time="0.1020108" />
              <test-case name="FastTests.Voron.MultiValueTree.MultiAdd_Twice_TheSame_KeyValue_MultiDelete_NotThrowsException_MultiTree_Deleted" executed="True" result="Success" success="True" time="0.0427861" />
              <test-case name="FastTests.Voron.MultiValueTree.NamedTree_Multiple_MultiAdd_MultiDelete_Once_And_Read_EntryDeleted" executed="True" result="Success" success="True" time="0.0400037" />
              <test-case name="FastTests.Voron.MultiValueTree.MultiDelete_Remains_One_Entry_The_Data_Is_Retrieved_With_MultiRead" executed="True" result="Success" success="True" time="0.0448072" />
              <test-case name="FastTests.Voron.MultiValueTree.Single_MultiAdd_And_Single_MultiDelete_DataDeleted" executed="True" result="Success" success="True" time="0.0411004" />
              <test-case name="FastTests.Voron.MultiValueTree.Multiple_MultiAdd_MultiDelete_Once_And_Read_EntryDeleted" executed="True" result="Success" success="True" time="0.039852" />
              <test-case name="FastTests.Voron.MultiValueTree.Single_MultiAdd_And_Read_DataStored" executed="True" result="Success" success="True" time="0.0405603" />
              <test-case name="FastTests.Voron.MultiValueTree.Multiple_MultiAdd_And_Read_DataStored" executed="True" result="Success" success="True" time="0.0391806" />
              <test-case name="FastTests.Voron.MultiValueTree.MultiDelete_Remains_No_Entries_ChildTreeKey_Doesnt_Exist" executed="True" result="Success" success="True" time="0.039669" />
              <test-case name="FastTests.Voron.MultiValueTree.NamedTree_Multiple_MultiAdd_And_MultiDelete_InTheSame_Transaction_EntryDeleted" executed="True" result="Success" success="True" time="0.05167" />
            </results>
          </test-suite>
          <test-suite type="TestCollection" executed="True" name="Test collection for FastTests.Issues.RavenDB_7463" result="Success" success="True" time="0.020">
            <results>
              <test-case name="FastTests.Issues.RavenDB_7463.ShouldThrowDatabaseDoesNotExistsException" executed="True" result="Success" success="True" time="0.0202023" />
            </results>
          </test-suite>
          <test-suite type="TestCollection" executed="True" name="Test collection for FastTests.Voron.Trees.Updates" result="Success" success="True" time="0.294">
            <results>
              <test-case name="FastTests.Voron.Trees.Updates.CanUpdateVeryLargeValueAndThenDeleteIt" executed="True" result="Success" success="True" time="0.0484849" />
              <test-case name="FastTests.Voron.Trees.Updates.CanDelete2" executed="True" result="Success" success="True" time="0.0445982" />
              <test-case name="FastTests.Voron.Trees.Updates.CanAddAndUpdate" executed="True" result="Success" success="True" time="0.0387135" />
              <test-case name="FastTests.Voron.Trees.Updates.CanAddAndUpdate1" executed="True" result="Success" success="True" time="0.0462969" />
              <test-case name="FastTests.Voron.Trees.Updates.CanDelete" executed="True" result="Success" success="True" time="0.0396715" />
              <test-case name="FastTests.Voron.Trees.Updates.CanDelete1" executed="True" result="Success" success="True" time="0.0370532" />
              <test-case name="FastTests.Voron.Trees.Updates.CanAddAndUpdate2" executed="True" result="Success" success="True" time="0.0387518" />
            </results>
          </test-suite>
          <test-suite type="TestCollection" executed="True" name="Test collection for FastTests.Blittable.BlittableValidationTest" result="Success" success="True" time="0.076">
            <results>
              <test-case name="FastTests.Blittable.BlittableValidationTest.Valid_Blittable" executed="True" result="Success" success="True" time="0.0144668" />
              <test-case name="FastTests.Blittable.BlittableValidationTest.ParseBlitAndValidate" executed="True" result="Success" success="True" time="0.010485" />
              <test-case name="FastTests.Blittable.BlittableValidationTest.Simple_Valid_Blittable_Test" executed="True" result="Success" success="True" time="0.0019805" />
              <test-case name="FastTests.Blittable.BlittableValidationTest.Invalid_Names_Offset" executed="True" result="Success" success="True" time="0.0020636" />
              <test-case name="FastTests.Blittable.BlittableValidationTest.Empty_Valid_Blittable" executed="True" result="Success" success="True" time="0.0005185" />
              <test-case name="FastTests.Blittable.BlittableValidationTest.Invalid_Root_Token" executed="True" result="Success" success="True" time="0.0010264" />
              <test-case name="FastTests.Blittable.BlittableValidationTest.Invalid_Bool" executed="True" result="Success" success="True" time="0.0007157" />
              <test-case name="FastTests.Blittable.BlittableValidationTest.Invalid_Null" executed="True" result="Success" success="True" time="0.0006144" />
              <test-case name="FastTests.Blittable.BlittableValidationTest.Invalid_Long" executed="True" result="Success" success="True" time="0.0006599" />
              <test-case name="FastTests.Blittable.BlittableValidationTest.Valid_object_read_from_non_zero_offset" executed="True" result="Success" success="True" time="0.0029091" />
              <test-case name="FastTests.Blittable.BlittableValidationTest.Invalid_String" executed="True" result="Success" success="True" time="0.0007256" />
              <test-case name="FastTests.Blittable.BlittableValidationTest.Invalid_Compressed_String" executed="True" result="Success" success="True" time="0.0006077" />
              <test-case name="FastTests.Blittable.BlittableValidationTest.Valid_String_With_66K_EscChar" executed="True" result="Success" success="True" time="0.0178087" />
              <test-case name="FastTests.Blittable.BlittableValidationTest.Valid_String_With_260_EscChar" executed="True" result="Success" success="True" time="0.0034249" />
              <test-case name="FastTests.Blittable.BlittableValidationTest.Complex_Valid_Blittable" executed="True" result="Success" success="True" time="0.0096513" />
              <test-case name="FastTests.Blittable.BlittableValidationTest.Invalid_Float" executed="True" result="Success" success="True" time="0.0007405" />
              <test-case name="FastTests.Blittable.BlittableValidationTest.Invalid_Number_Of_Prop" executed="True" result="Success" success="True" time="0.0008606" />
              <test-case name="FastTests.Blittable.BlittableValidationTest.Invalid_Props_Offset" executed="True" result="Success" success="True" time="0.0009382" />
              <test-case name="FastTests.Blittable.BlittableValidationTest.WithEscape" executed="True" result="Success" success="True" time="0.0005377" />
              <test-case name="FastTests.Blittable.BlittableValidationTest.Valid_String" executed="True" result="Success" success="True" time="0.0021376" />
              <test-case name="FastTests.Blittable.BlittableValidationTest.Invalid_Integer" executed="True" result="Success" success="True" time="0.0004826" />
              <test-case name="FastTests.Blittable.BlittableValidationTest.Valid_Compressed_String" executed="True" result="Success" success="True" time="0.0021959" />
              <test-case name="FastTests.Blittable.BlittableValidationTest.Invalid_Root_Metadata_Offset" executed="True" result="Success" success="True" time="0.0006635" />
            </results>
          </test-suite>
          <test-suite type="TestCollection" executed="True" name="Test collection for FastTests.Voron.Journal.Mvcc" result="Success" success="True" time="0.042">
            <results>
              <test-case name="FastTests.Voron.Journal.Mvcc.ShouldNotFlushUntilThereAreActiveOlderTransactions" executed="True" result="Success" success="True" time="0.0417082" />
            </results>
          </test-suite>
          <test-suite type="TestCollection" executed="True" name="Test collection for FastTests.Client.Includes" result="Success" success="True" time="0.787">
            <results>
              <test-case name="FastTests.Client.Includes.Can_Include_By_Primary_String_Property" executed="True" result="Success" success="True" time="0.116643" />
              <test-case name="FastTests.Client.Includes.Can_Include_By_Secondary_String_Property" executed="True" result="Success" success="True" time="0.0964389" />
              <test-case name="FastTests.Client.Includes.Can_Include_By_Primary_List_Of_Strings" executed="True" result="Success" success="True" time="0.1041222" />
              <test-case name="FastTests.Client.Includes.Can_Load_With_Include" executed="True" result="Success" success="True" time="0.1102579" />
              <test-case name="FastTests.Client.Includes.Can_Include_By_List_Of_Secondary_String_Property" executed="True" result="Success" success="True" time="0.1056105" />
              <test-case name="FastTests.Client.Includes.Can_Query_With_Include_By_Primary_String_Property" executed="True" result="Success" success="True" time="0.133436" />
              <test-case name="FastTests.Client.Includes.Can_Use_Includes_Within_Multi_Load" executed="True" result="Success" success="True" time="0.1200293" />
            </results>
          </test-suite>
          <test-suite type="TestCollection" executed="True" name="Test collection for FastTests.Client.Subscriptions.RavenDB_3917" result="Success" success="True" time="0.369">
            <results>
              <test-case name="FastTests.Client.Subscriptions.RavenDB_3917.SmugglerShouldNotExportImportSubscribtionIdentities" executed="True" result="Success" success="True" time="0.3690827" />
            </results>
          </test-suite>
          <test-suite type="TestCollection" executed="True" name="Test collection for FastTests.Issues.RavenDB_9492" result="Success" success="True" time="0.462">
            <results>
              <test-case name="FastTests.Issues.RavenDB_9492.CanQueryIdWithNegate" executed="True" result="Success" success="True" time="0.119065" />
              <test-case name="FastTests.Issues.RavenDB_9492.InQueryOnIdsShouldRunOnCollection" executed="True" result="Success" success="True" time="0.1021187" />
              <test-case name="FastTests.Issues.RavenDB_9492.BetweenQueryOnIds" executed="True" result="Success" success="True" time="0.1191676" />
              <test-case name="FastTests.Issues.RavenDB_9492.NotInQueryOnIdsShouldntRunOnCollection" executed="True" result="Success" success="True" time="0.1216286" />
            </results>
          </test-suite>
          <test-suite type="TestCollection" executed="True" name="Test collection for FastTests.Blittable.ObjectJsonParsingTests" result="Success" success="True" time="0.014">
            <results>
              <test-case name="FastTests.Blittable.ObjectJsonParsingTests.Zzz" executed="True" result="Success" success="True" time="0.0009951" />
              <test-case name="FastTests.Blittable.ObjectJsonParsingTests.CanCompressSmallStrings" executed="True" result="Success" success="True" time="0.0096396" />
              <test-case name="FastTests.Blittable.ObjectJsonParsingTests.CanUseNestedObject" executed="True" result="Success" success="True" time="0.0017711" />
              <test-case name="FastTests.Blittable.ObjectJsonParsingTests.Dup" executed="True" result="Success" success="True" time="0.0004736" />
              <test-case name="FastTests.Blittable.ObjectJsonParsingTests.CanGenerateJsonProperly" executed="True" result="Success" success="True" time="0.0006508" />
              <test-case name="FastTests.Blittable.ObjectJsonParsingTests.CanGenerateJsonProperly_WithEscapePositions" executed="True" result="Success" success="True" time="0.0002139" />
            </results>
          </test-suite>
          <test-suite type="TestCollection" executed="True" name="Test collection for FastTests.Client.Subscriptions.RavenDB_4645" result="Success" success="True" time="0.183">
            <results>
              <test-case name="FastTests.Client.Subscriptions.RavenDB_4645.ShouldStopPullingTaskWhenSubscriptionIsDeleted" executed="True" result="Success" success="True" time="0.1832143" />
            </results>
          </test-suite>
          <test-suite type="TestCollection" executed="True" name="Test collection for FastTests.Voron.Storage.RavenDB_7698" result="Success" success="True" time="0.076">
            <results>
              <test-case name="FastTests.Voron.Storage.RavenDB_7698.CanRestartEmptyAsyncTransaction" executed="True" result="Success" success="True" time="0.0763323" />
            </results>
          </test-suite>
          <test-suite type="TestCollection" executed="True" name="Test collection for FastTests.Issues.RavenDB_8959" result="Success" success="True" time="0.072">
            <results>
              <test-case name="FastTests.Issues.RavenDB_8959.CanCustomizeHiloGeneration" executed="True" result="Success" success="True" time="0.0719983" />
            </results>
          </test-suite>
          <test-suite type="TestCollection" executed="True" name="Test collection for FastTests.Issues.RavenDB_10002" result="Success" success="True" time="0.167">
            <results>
              <test-case name="FastTests.Issues.RavenDB_10002.CanHaveArrayInMetadata" executed="True" result="Success" success="True" time="0.1666611" />
            </results>
          </test-suite>
          <test-suite type="TestCollection" executed="True" name="Test collection for FastTests.Server.Documents.Indexing.MapReduce.ReduceKeyProcessorTests" result="Success" success="True" time="0.018">
            <results>
              <test-case name="FastTests.Server.Documents.Indexing.MapReduce.ReduceKeyProcessorTests.Can_handle_values_of_different_types" executed="True" result="Success" success="True" time="0.017793" />
            </results>
          </test-suite>
          <test-suite type="TestCollection" executed="True" name="Test collection for FastTests.Issues.RavenDB_5610" result="Success" success="True" time="0.480">
            <results>
              <test-case name="FastTests.Issues.RavenDB_5610.UpdateType" executed="True" result="Success" success="True" time="0.161509" />
              <test-case name="FastTests.Issues.RavenDB_5610.WillUpdate" executed="True" result="Success" success="True" time="0.3188749" />
            </results>
          </test-suite>
          <test-suite type="TestCollection" executed="True" name="Test collection for FastTests.Blittable.UnmanagedStreamTests" result="Success" success="True" time="0.078">
            <results>
              <test-case name="FastTests.Blittable.UnmanagedStreamTests.BigAlloc" executed="True" result="Success" success="True" time="0.0018185" />
              <test-case name="FastTests.Blittable.UnmanagedStreamTests.EnsureSingleChunk" executed="True" result="Success" success="True" time="0.0021664" />
              <test-case name="FastTests.Blittable.UnmanagedStreamTests.SingleByteWritesTest" executed="True" result="Success" success="True" time="0.0383057" />
              <test-case name="FastTests.Blittable.UnmanagedStreamTests.BulkWriteAscendingSizeTest" executed="True" result="Success" success="True" time="0.0115366" />
              <test-case name="FastTests.Blittable.UnmanagedStreamTests.BulkWriteDescendingSizeTest" executed="True" result="Success" success="True" time="0.0239081" />
            </results>
          </test-suite>
          <test-suite type="TestCollection" executed="True" name="Test collection for FastTests.Server.Documents.Indexing.Lucene.UsingUnicode" result="Success" success="True" time="0.265">
            <results>
              <test-case name="FastTests.Server.Documents.Indexing.Lucene.UsingUnicode.TextEnteredShouldNotBeNormalized(content: \&quot;לְשֵׁם יִחוּד קֻדְשָׁא בְּרִיךְ הוּא וּשְׁכִינְתֵּ\&quot;...)" executed="True" result="Success" success="True" time="0.146355" />
              <test-case name="FastTests.Server.Documents.Indexing.Lucene.UsingUnicode.TextEnteredShouldNotBeNormalized(content: \&quot;Оптиматика\&quot;)" executed="True" result="Success" success="True" time="0.1190137" />
            </results>
          </test-suite>
          <test-suite type="TestCollection" executed="True" name="Test collection for FastTests.Issues.RavenDB_9479" result="Success" success="True" time="0.691">
            <results>
              <test-case name="FastTests.Issues.RavenDB_9479.GetStoreAndGetChar(ch: '\\0')" executed="True" result="Success" success="True" time="0.1137503" />
              <test-case name="FastTests.Issues.RavenDB_9479.GetStoreAndGetChar(ch: 0x0001)" executed="True" result="Success" success="True" time="0.0884045" />
              <test-case name="FastTests.Issues.RavenDB_9479.GetStoreAndGetChar(ch: 0x0010)" executed="True" result="Success" success="True" time="0.1049128" />
              <test-case name="FastTests.Issues.RavenDB_9479.GetStoreAndGetChar(ch: ' ')" executed="True" result="Success" success="True" time="0.1201609" />
              <test-case name="FastTests.Issues.RavenDB_9479.GetStoreAndGetChar(ch: 0x007f)" executed="True" result="Success" success="True" time="0.091882" />
              <test-case name="FastTests.Issues.RavenDB_9479.GetStoreAndGetChar(ch: 0x009f)" executed="True" result="Success" success="True" time="0.0916402" />
              <test-case name="FastTests.Issues.RavenDB_9479.GetStoreAndGetChar(ch: 'r')" executed="True" result="Success" success="True" time="0.0800586" />
            </results>
          </test-suite>
          <test-suite type="TestCollection" executed="True" name="Test collection for FastTests.Client.QueryIntoStream" result="Success" success="True" time="0.749">
            <results>
              <test-case name="FastTests.Client.QueryIntoStream.DocumentQueryWithToStreamAsync" executed="True" result="Success" success="True" time="0.2623372" />
              <test-case name="FastTests.Client.QueryIntoStream.QueryWithToStream" executed="True" result="Success" success="True" time="0.1646243" />
              <test-case name="FastTests.Client.QueryIntoStream.QueryWithToStreamAsync" executed="True" result="Success" success="True" time="0.1581394" />
              <test-case name="FastTests.Client.QueryIntoStream.DocumentQueryWithToStream" executed="True" result="Success" success="True" time="0.1643683" />
            </results>
          </test-suite>
          <test-suite type="TestCollection" executed="True" name="Test collection for FastTests.Voron.Trees.Iteration" result="Success" success="True" time="0.140">
            <results>
              <test-case name="FastTests.Voron.Trees.Iteration.CanIterateInOrder" executed="True" result="Success" success="True" time="0.0754926" />
              <test-case name="FastTests.Voron.Trees.Iteration.EmptyIterator" executed="True" result="Success" success="True" time="0.0645134" />
            </results>
          </test-suite>
          <test-suite type="TestCollection" executed="True" name="Test collection for FastTests.Issues.RavenDB_9055" result="Success" success="True" time="0.260">
            <results>
              <test-case name="FastTests.Issues.RavenDB_9055.AggressivelyCacheWorksWhenTopologyUpdatesIsDisable" executed="True" result="Success" success="True" time="0.2596361" />
            </results>
          </test-suite>
          <test-suite type="TestCollection" executed="True" name="Test collection for FastTests.Issues.RavenDB_9181" result="Success" success="True" time="0.091">
            <results>
              <test-case name="FastTests.Issues.RavenDB_9181.Can_project_object_to_a_single_field" executed="True" result="Success" success="True" time="0.091482" />
            </results>
          </test-suite>
          <test-suite type="TestCollection" executed="True" name="Test collection for FastTests.Voron.LeafsCompression.RavenDB_5384_DecompressionBuffersPoolTests" result="Success" success="True" time="0.069">
            <results>
              <test-case name="FastTests.Voron.LeafsCompression.RavenDB_5384_DecompressionBuffersPoolTests.Should_cleanup_scratch_files_which_are_no_longer_necessary" executed="True" result="Success" success="True" time="0.0690491" />
            </results>
          </test-suite>
          <test-suite type="TestCollection" executed="True" name="Test collection for FastTests.Voron.FixedSize.FixedSizeBugs" result="Success" success="True" time="0.144">
            <results>
              <test-case name="FastTests.Voron.FixedSize.FixedSizeBugs.CanAddDuplicate" executed="True" result="Success" success="True" time="0.0667437" />
              <test-case name="FastTests.Voron.FixedSize.FixedSizeBugs.CanAddDuplicate_Many" executed="True" result="Success" success="True" time="0.0773476" />
            </results>
          </test-suite>
          <test-suite type="TestCollection" executed="True" name="Test collection for FastTests.Issues.RavenDB_7654" result="Success" success="True" time="0.009">
            <results>
              <test-case name="FastTests.Issues.RavenDB_7654.TimeSpanCanBeParsedFromStringIntAndDouble" executed="True" result="Success" success="True" time="0.0088921" />
            </results>
          </test-suite>
          <test-suite type="TestCollection" executed="True" name="Test collection for FastTests.Server.Documents.Indexing.IndexMerging" result="Success" success="True" time="0.847">
            <results>
              <test-case name="FastTests.Server.Documents.Indexing.IndexMerging.IndexMergeWithField" executed="True" result="Success" success="True" time="0.421193" />
              <test-case name="FastTests.Server.Documents.Indexing.IndexMerging.IndexMergerWithQueryExpressionSyntaxShouldNotTakeIntoAccountExpressionVariableName" executed="True" result="Success" success="True" time="0.1587444" />
              <test-case name="FastTests.Server.Documents.Indexing.IndexMerging.IndexMergeWithQueryExpressionSyntax" executed="True" result="Success" success="True" time="0.2494475" />
              <test-case name="FastTests.Server.Documents.Indexing.IndexMerging.IndexMergerShouldNotTakeIntoAccountExpressionVariableNameForComplexTypes" executed="True" result="Success" success="True" time="0.0075073" />
              <test-case name="FastTests.Server.Documents.Indexing.IndexMerging.IndexMergerShouldNotTakeIntoAccountExpressionVariableName" executed="True" result="Success" success="True" time="0.0101895" />
            </results>
          </test-suite>
          <test-suite type="TestCollection" executed="True" name="Test collection for FastTests.Issues.RavenDB_10046" result="Success" success="True" time="0.386">
            <results>
              <test-case name="FastTests.Issues.RavenDB_10046.CanProjectWithWrappedParameterAndLet" executed="True" result="Success" success="True" time="0.1519476" />
              <test-case name="FastTests.Issues.RavenDB_10046.CanLoadWithWrappedParameter" executed="True" result="Success" success="True" time="0.1251048" />
              <test-case name="FastTests.Issues.RavenDB_10046.CanProjectWithWrappedParameter" executed="True" result="Success" success="True" time="0.1086033" />
            </results>
          </test-suite>
          <test-suite type="TestCollection" executed="True" name="Test collection for FastTests.Issues.RavenDB_8369" result="Success" success="True" time="1.741">
            <results>
              <test-case name="FastTests.Issues.RavenDB_8369.Tombstones_should_be_cleaned_only_after_backup_with_snapshot_backupwhen_delete_is_not_last_operation" executed="True" result="Success" success="True" time="0.3351284">
                <properties>
                  <property name="Category" value="Cluster" />
                </properties>
              </test-case>
              <test-case name="FastTests.Issues.RavenDB_8369.Tomstones_should_be_cleaned_properly_for_multiple_backup_tasks_for_snapshot" executed="True" result="Success" success="True" time="0.411286">
                <properties>
                  <property name="Category" value="Cluster" />
                </properties>
              </test-case>
              <test-case name="FastTests.Issues.RavenDB_8369.Tombstones_should_be_cleaned_only_after_backup_with_snapshot_backupwhen_delete_is_last_operation" executed="True" result="Success" success="True" time="0.196481">
                <properties>
                  <property name="Category" value="Cluster" />
                </properties>
              </test-case>
              <test-case name="FastTests.Issues.RavenDB_8369.Tombstones_should_be_cleaned_only_after_backup_with_binary_backupwhen_delete_is_not_last_operation" executed="True" result="Success" success="True" time="0.201799">
                <properties>
                  <property name="Category" value="Cluster" />
                </properties>
              </test-case>
              <test-case name="FastTests.Issues.RavenDB_8369.Tomstones_should_be_cleaned_properly_for_multiple_backup_tasks_for_backup" executed="True" result="Success" success="True" time="0.4058236">
                <properties>
                  <property name="Category" value="Cluster" />
                </properties>
              </test-case>
              <test-case name="FastTests.Issues.RavenDB_8369.Tombstones_should_be_cleaned_only_after_backup_with_binary_backupwhen_delete_is_last_operation" executed="True" result="Success" success="True" time="0.1900909">
                <properties>
                  <property name="Category" value="Cluster" />
                </properties>
              </test-case>
            </results>
          </test-suite>
          <test-suite type="TestCollection" executed="True" name="Test collection for FastTests.Server.Documents.PeriodicBackup.PeriodicBackupTests" result="Success" success="True" time="0.083">
            <results>
              <test-case name="FastTests.Server.Documents.PeriodicBackup.PeriodicBackupTests.CanSetupPeriodicBackupWithVeryLargePeriods" executed="True" result="Success" success="True" time="0.0825154">
                <properties>
                  <property name="Category" value="Smuggler" />
                </properties>
              </test-case>
            </results>
          </test-suite>
          <test-suite type="TestCollection" executed="True" name="Test collection for FastTests.Issues.RavenDB_7886" result="Success" success="True" time="0.001">
            <results>
              <test-case name="FastTests.Issues.RavenDB_7886.GivenNonExistingFileAsCustomConfigPathConfigurationLoadingShouldThrow" executed="True" result="Success" success="True" time="0.0006121" />
            </results>
          </test-suite>
          <test-suite type="TestCollection" executed="True" name="Test collection for FastTests.Voron.RavenDB_9847" result="Success" success="True" time="0.104">
            <results>
              <test-case name="FastTests.Voron.RavenDB_9847.Can_get_updated_overflow_value_in_same_tx" executed="True" result="Success" success="True" time="0.1039954" />
            </results>
          </test-suite>
          <test-suite type="TestCollection" executed="True" name="Test collection for FastTests.Issues.RavenDB_5178" result="Success" success="True" time="0.101">
            <results>
              <test-case name="FastTests.Issues.RavenDB_5178.CanUsePathLongerThan260Chars" executed="True" result="Success" success="True" time="0.1008081" />
            </results>
          </test-suite>
          <test-suite type="TestCollection" executed="True" name="Test collection for FastTests.Voron.Compaction.StorageCompactionTests" result="Success" success="True" time="0.998">
            <results>
              <test-case name="FastTests.Voron.Compaction.StorageCompactionTests.ShouldReportProgress" executed="False" result="Skipped" time="0">
                <reason>
                  <message>RavenDB-8715, change when report format is finalized</message>
                </reason>
              </test-case>
              <test-case name="FastTests.Voron.Compaction.StorageCompactionTests.CannotCompactStorageIfIncrementalBackupEnabled" executed="True" result="Success" success="True" time="0.0968375" />
              <test-case name="FastTests.Voron.Compaction.StorageCompactionTests.ShouldDeleteCurrentJournalEvenThoughItHasAvailableSpace" executed="True" result="Success" success="True" time="0.1602296" />
              <test-case name="FastTests.Voron.Compaction.StorageCompactionTests.ShouldPreserveTables(entries: 250, seed: 346503021)" executed="True" result="Success" success="True" time="0.2048252" />
              <test-case name="FastTests.Voron.Compaction.StorageCompactionTests.ShouldPreserveTables(entries: 500, seed: 1468402840)" executed="True" result="Success" success="True" time="0.2226087" />
              <test-case name="FastTests.Voron.Compaction.StorageCompactionTests.ShouldPreserveTables(entries: 1000, seed: 442819012)" executed="True" result="Success" success="True" time="0.3137929" />
            </results>
          </test-suite>
          <test-suite type="TestCollection" executed="True" name="Test collection for FastTests.Utils.IncludeUtilTests" result="Success" success="True" time="0.061">
            <results>
              <test-case name="FastTests.Utils.IncludeUtilTests.FindDocIdFromPath_with_array_selection_should_work_in_flat_object_with_suffix2" executed="True" result="Success" success="True" time="0.0022324" />
              <test-case name="FastTests.Utils.IncludeUtilTests.FindDocIdFromPath_should_return_value_for_single_level_nested_path_with_suffix_and_string_value" executed="True" result="Success" success="True" time="0.0014462" />
              <test-case name="FastTests.Utils.IncludeUtilTests.FindDocIdFromPath_with_array_of_with_of_arrays_of_nested_objects_should_work1" executed="True" result="Success" success="True" time="0.0036914" />
              <test-case name="FastTests.Utils.IncludeUtilTests.FindDocIdFromPath_should_return_value_for_multiple_level_nested_path" executed="True" result="Success" success="True" time="0.0015453" />
              <test-case name="FastTests.Utils.IncludeUtilTests.FindDocIdFromPath_should_work_in_flat_object2" executed="True" result="Success" success="True" time="0.0013284" />
              <test-case name="FastTests.Utils.IncludeUtilTests.FindDocIdFromPath_with_multiple_targets_should_work_in_flat_object" executed="True" result="Success" success="True" time="0.0014078" />
              <test-case name="FastTests.Utils.IncludeUtilTests.FindDocIdFromPath_with_array_selection_should_work_in_flat_object2" executed="True" result="Success" success="True" time="0.002488" />
              <test-case name="FastTests.Utils.IncludeUtilTests.FindDocIdFromPath_with_array_of_arrays_with_simple_values_should_work" executed="True" result="Success" success="True" time="0.0023334" />
              <test-case name="FastTests.Utils.IncludeUtilTests.FindDocIdFromPath_should_work_with_prefix_in_flat_object" executed="True" result="Success" success="True" time="0.0007625" />
              <test-case name="FastTests.Utils.IncludeUtilTests.FindDocIdFromPath_should_return_value_for_single_level_nested_path_with_prefix_and_string_value" executed="True" result="Success" success="True" time="0.001364" />
              <test-case name="FastTests.Utils.IncludeUtilTests.FindDocIdFromPath_with_array_of_with_of_arrays_of_nested_objects_should_work3" executed="True" result="Success" success="True" time="0.0024009" />
              <test-case name="FastTests.Utils.IncludeUtilTests.FindDocIdFromPath_should_return_value_for_single_level_nested_path" executed="True" result="Success" success="True" time="0.0009356" />
              <test-case name="FastTests.Utils.IncludeUtilTests.FindDocIdFromPath_with_array_of_nested_objects_should_work1" executed="True" result="Success" success="True" time="0.002732" />
              <test-case name="FastTests.Utils.IncludeUtilTests.FindDocIdFromPath_should_work_with_very_short_suffix_in_flat_object" executed="True" result="Success" success="True" time="0.0011176" />
              <test-case name="FastTests.Utils.IncludeUtilTests.FindDocIdFromPath_with_array_of_nested_objects_with_suffix_should_work" executed="True" result="Success" success="True" time="0.0029923" />
              <test-case name="FastTests.Utils.IncludeUtilTests.FindDocIdFromPath_with_array_of_nested_objects_with_prefix_should_work" executed="True" result="Success" success="True" time="0.0031959" />
              <test-case name="FastTests.Utils.IncludeUtilTests.FindDocIdFromPath_with_array_selection_should_work_in_flat_object_with_prefix2" executed="True" result="Success" success="True" time="0.0018064" />
              <test-case name="FastTests.Utils.IncludeUtilTests.FindDocIdFromPath_should_return_empty_with_incomplete_suffix_in_flat_object" executed="True" result="Success" success="True" time="0.0009338" />
              <test-case name="FastTests.Utils.IncludeUtilTests.FindDocIdFromPath_with_array_selection_should_work_in_flat_object_with_suffix1" executed="True" result="Success" success="True" time="0.0009466" />
              <test-case name="FastTests.Utils.IncludeUtilTests.FindDocIdFromPath_should_work_with_suffix_in_flat_object" executed="True" result="Success" success="True" time="0.0007125" />
              <test-case name="FastTests.Utils.IncludeUtilTests.FindDocIdFromPath_with_array_selection_should_work_in_nested_object2" executed="True" result="Success" success="True" time="0.0013889" />
              <test-case name="FastTests.Utils.IncludeUtilTests.FindDocIdFromPath_should_return_value_for_single_level_nested_path_with_suffix" executed="True" result="Success" success="True" time="0.0014666" />
              <test-case name="FastTests.Utils.IncludeUtilTests.FindDocIdFromPath_with_array_of_with_of_arrays_of_nested_objects_should_work2" executed="True" result="Success" success="True" time="0.0023309" />
              <test-case name="FastTests.Utils.IncludeUtilTests.FindDocIdFromPath_should_work_with_very_short_prefix_in_flat_object" executed="True" result="Success" success="True" time="0.0012937" />
              <test-case name="FastTests.Utils.IncludeUtilTests.FindDocIdFromPath_with_array_selection_should_work_in_flat_object_with_prefix1" executed="True" result="Success" success="True" time="0.0019542" />
              <test-case name="FastTests.Utils.IncludeUtilTests.FindDocIdFromPath_should_return_empty_with_incomplete_prefix_in_flat_object" executed="True" result="Success" success="True" time="0.0009159" />
              <test-case name="FastTests.Utils.IncludeUtilTests.FindDocIdFromPath_with_array_of_nested_objects_should_work2" executed="True" result="Success" success="True" time="0.0075256" />
              <test-case name="FastTests.Utils.IncludeUtilTests.FindDocIdFromPath_should_work_in_flat_object1" executed="True" result="Success" success="True" time="0.0008744" />
              <test-case name="FastTests.Utils.IncludeUtilTests.FindDocIdFromPath_should_return_value_for_single_level_nested_path_with_prefix" executed="True" result="Success" success="True" time="0.001405" />
              <test-case name="FastTests.Utils.IncludeUtilTests.FindDocIdFromPath_with_array_of_arrays_of_objects_should_work" executed="True" result="Success" success="True" time="0.0028389" />
              <test-case name="FastTests.Utils.IncludeUtilTests.FindDocIdFromPath_should_return_empty_for_incorrect_path" executed="True" result="Success" success="True" time="0.0013382" />
              <test-case name="FastTests.Utils.IncludeUtilTests.FindDocIdFromPath_with_array_selection_should_work_in_flat_object1" executed="True" result="Success" success="True" time="0.0015365" />
            </results>
          </test-suite>
          <test-suite type="TestCollection" executed="True" name="Test collection for FastTests.Issues.InfinityStringTest" result="Success" success="True" time="0.225">
            <results>
              <test-case name="FastTests.Issues.InfinityStringTest.TestInfinityString" executed="True" result="Success" success="True" time="0.2251626" />
            </results>
          </test-suite>
          <test-suite type="TestCollection" executed="True" name="Test collection for FastTests.Server.Documents.Tombstones.BasicTombstones" result="Success" success="True" time="0.198">
            <results>
              <test-case name="FastTests.Server.Documents.Tombstones.BasicTombstones.CanCreateAndGetTombstone" executed="True" result="Success" success="True" time="0.0769917" />
              <test-case name="FastTests.Server.Documents.Tombstones.BasicTombstones.Cleanup" executed="True" result="Success" success="True" time="0.1211474" />
            </results>
          </test-suite>
          <test-suite type="TestCollection" executed="True" name="Test collection for FastTests.Client.LoadAsync" result="Success" success="True" time="0.258">
            <results>
              <test-case name="FastTests.Client.LoadAsync.Should_not_allow_to_execute_more_than_one_async_loads_at_the_same_time" executed="True" result="Success" success="True" time="0.0932875" />
              <test-case name="FastTests.Client.LoadAsync.Load_Documents_By_ids_Async" executed="True" result="Success" success="True" time="0.0872179" />
              <test-case name="FastTests.Client.LoadAsync.Load_Document_By_id_Async" executed="True" result="Success" success="True" time="0.0779216" />
            </results>
          </test-suite>
          <test-suite type="TestCollection" executed="True" name="Test collection for FastTests.Voron.Trees.Deletes" result="Success" success="True" time="0.183">
            <results>
              <test-case name="FastTests.Voron.Trees.Deletes.CanDeleteAtRoot" executed="True" result="Success" success="True" time="0.0889898" />
              <test-case name="FastTests.Voron.Trees.Deletes.CanAddVeryLargeValueAndThenDeleteIt" executed="True" result="Success" success="True" time="0.0937032" />
            </results>
          </test-suite>
          <test-suite type="TestCollection" executed="True" name="Test collection for FastTests.Issues.RavenDB_9993" result="Success" success="True" time="0.208">
            <results>
              <test-case name="FastTests.Issues.RavenDB_9993.CanHaveArrayInMetadata" executed="True" result="Success" success="True" time="0.1295333" />
              <test-case name="FastTests.Issues.RavenDB_9993.CanAddArrayToMetadataViaClient" executed="True" result="Success" success="True" time="0.0783067" />
            </results>
          </test-suite>
          <test-suite type="TestCollection" executed="True" name="Test collection for FastTests.Server.Documents.Indexing.Static.BasicStaticMapIndexing" result="Success" success="True" time="1.037">
            <results>
              <test-case name="FastTests.Server.Documents.Indexing.Static.BasicStaticMapIndexing.IndexDefinitionSerialization" executed="True" result="Success" success="True" time="0.0224309" />
              <test-case name="FastTests.Server.Documents.Indexing.Static.BasicStaticMapIndexing.CanInheritConfiguration" executed="True" result="Success" success="True" time="0.0964952" />
              <test-case name="FastTests.Server.Documents.Indexing.Static.BasicStaticMapIndexing.NumberOfDocumentsAndTombstonesToProcessShouldBeCalculatedCorrectly" executed="True" result="Success" success="True" time="0.1724378" />
              <test-case name="FastTests.Server.Documents.Indexing.Static.BasicStaticMapIndexing.CanPersist" executed="True" result="Success" success="True" time="0.4635239" />
              <test-case name="FastTests.Server.Documents.Indexing.Static.BasicStaticMapIndexing.The_easiest_static_index" executed="True" result="Success" success="True" time="0.1073029" />
              <test-case name="FastTests.Server.Documents.Indexing.Static.BasicStaticMapIndexing.StalenessCalculationShouldWorkForAllDocsIndexes" executed="True" result="Success" success="True" time="0.1745358" />
            </results>
          </test-suite>
          <test-suite type="TestCollection" executed="True" name="Test collection for FastTests.Issues.RavenDB_6141" result="Success" success="True" time="0.065">
            <results>
              <test-case name="FastTests.Issues.RavenDB_6141.Resource_specific_paths_do_not_require_any_suffixes" executed="True" result="Success" success="True" time="0.0194252" />
              <test-case name="FastTests.Issues.RavenDB_6141.Should_create_data_in_directory_specified_at_server_level" executed="True" result="Success" success="True" time="0.013089" />
              <test-case name="FastTests.Issues.RavenDB_6141.Should_trim_last_directory_separator_character" executed="True" result="Success" success="True" time="0.0012003" />
              <test-case name="FastTests.Issues.RavenDB_6141.Inherits_server_settings_and_appends_resource_specific_suffix_paths" executed="True" result="Success" success="True" time="0.0122849" />
              <test-case name="FastTests.Issues.RavenDB_6141.Default_database_path_settings" executed="True" result="Success" success="True" time="0.0186291" />
            </results>
          </test-suite>
          <test-suite type="TestCollection" executed="True" name="Test collection for FastTests.Voron.Tables.Allocations" result="Success" success="True" time="0.141">
            <results>
              <test-case name="FastTests.Voron.Tables.Allocations.IndexPagesWillBeNearby" executed="True" result="Success" success="True" time="0.1405082" />
            </results>
          </test-suite>
          <test-suite type="TestCollection" executed="True" name="Test collection for FastTests.Voron.Tables.TableValueTests" result="Success" success="True" time="0.014">
            <results>
              <test-case name="FastTests.Voron.Tables.TableValueTests.CanBuild" executed="True" result="Success" success="True" time="0.0020945" />
              <test-case name="FastTests.Voron.Tables.TableValueTests.CanSerializeRecursively" executed="True" result="Success" success="True" time="0.0041605" />
              <test-case name="FastTests.Voron.Tables.TableValueTests.CanRead" executed="True" result="Success" success="True" time="0.0020774" />
              <test-case name="FastTests.Voron.Tables.TableValueTests.CanSerializeBool" executed="True" result="Success" success="True" time="0.0059648" />
            </results>
          </test-suite>
          <test-suite type="TestCollection" executed="True" name="Test collection for FastTests.Voron.Journal.UncommittedTransactions" result="Success" success="True" time="0.086">
            <results>
              <test-case name="FastTests.Voron.Journal.UncommittedTransactions.UncommittedTransactionMustNotModifyPageTranslationTableOfLogFile" executed="True" result="Success" success="True" time="0.0858034" />
            </results>
          </test-suite>
          <test-suite type="TestCollection" executed="True" name="Test collection for FastTests.Voron.Streams.CanUseStream" result="Success" success="True" time="4.566">
            <results>
              <test-case name="FastTests.Voron.Streams.CanUseStream.CanWriteAndRead(tag: null, size: 129)" executed="True" result="Success" success="True" time="0.0947747" />
              <test-case name="FastTests.Voron.Streams.CanUseStream.CanWriteAndRead(tag: null, size: 2095)" executed="True" result="Success" success="True" time="0.0874811" />
              <test-case name="FastTests.Voron.Streams.CanUseStream.CanWriteAndRead(tag: \&quot;AM4#@dF5Tas\&quot;, size: 4096)" executed="True" result="Success" success="True" time="0.0850306" />
              <test-case name="FastTests.Voron.Streams.CanUseStream.CanWriteAndRead(tag: null, size: 8120)" executed="True" result="Success" success="True" time="0.093251" />
              <test-case name="FastTests.Voron.Streams.CanUseStream.CanWriteAndRead(tag: null, size: 12004)" executed="True" result="Success" success="True" time="0.0856709" />
              <test-case name="FastTests.Voron.Streams.CanUseStream.CanWriteAndRead(tag: \&quot;dfgja83mt7s\&quot;, size: 15911)" executed="True" result="Success" success="True" time="0.087069" />
              <test-case name="FastTests.Voron.Streams.CanUseStream.CanWriteAndRead(tag: null, size: 16897)" executed="True" result="Success" success="True" time="0.087445" />
              <test-case name="FastTests.Voron.Streams.CanUseStream.CanWriteAndRead(tag: null, size: 31911)" executed="True" result="Success" success="True" time="0.0967449" />
              <test-case name="FastTests.Voron.Streams.CanUseStream.CanWriteAndRead(tag: \&quot;fdd93m34nghdsya\&quot;, size: 91911)" executed="True" result="Success" success="True" time="0.1015283" />
              <test-case name="FastTests.Voron.Streams.CanUseStream.CanWriteAndRead(tag: null, size: 1663269866)" executed="True" result="Success" success="True" time="0.1135074" />
              <test-case name="FastTests.Voron.Streams.CanUseStream.CanWriteAndRead(tag: \&quot;RavenDB\&quot;, size: 637686038)" executed="True" result="Success" success="True" time="0.0998312" />
              <test-case name="FastTests.Voron.Streams.CanUseStream.CanUpdate(tag: \&quot;AM4#@dF5Tas\&quot;, size: 129)" executed="True" result="Success" success="True" time="0.086297" />
              <test-case name="FastTests.Voron.Streams.CanUseStream.CanUpdate(tag: null, size: 2095)" executed="True" result="Success" success="True" time="0.0801116" />
              <test-case name="FastTests.Voron.Streams.CanUseStream.CanUpdate(tag: null, size: 4096)" executed="True" result="Success" success="True" time="0.0842049" />
              <test-case name="FastTests.Voron.Streams.CanUseStream.CanUpdate(tag: \&quot;AM4#@dF5Tas\&quot;, size: 8120)" executed="True" result="Success" success="True" time="0.0794645" />
              <test-case name="FastTests.Voron.Streams.CanUseStream.CanUpdate(tag: \&quot;dfgja83mt7s\&quot;, size: 12004)" executed="True" result="Success" success="True" time="0.0842946" />
              <test-case name="FastTests.Voron.Streams.CanUseStream.CanUpdate(tag: null, size: 15911)" executed="True" result="Success" success="True" time="0.0880584" />
              <test-case name="FastTests.Voron.Streams.CanUseStream.CanUpdate(tag: null, size: 16897)" executed="True" result="Success" success="True" time="0.0888797" />
              <test-case name="FastTests.Voron.Streams.CanUseStream.CanUpdate(tag: \&quot;fdd93m34nghdsya\&quot;, size: 31911)" executed="True" result="Success" success="True" time="0.0916727" />
              <test-case name="FastTests.Voron.Streams.CanUseStream.CanUpdate(tag: null, size: 91911)" executed="True" result="Success" success="True" time="0.1029053" />
              <test-case name="FastTests.Voron.Streams.CanUseStream.CanUpdate(tag: null, size: 944613513)" executed="True" result="Success" success="True" time="0.090287" />
              <test-case name="FastTests.Voron.Streams.CanUseStream.CanUpdate(tag: \&quot;no sql\&quot;, size: 2066513332)" executed="True" result="Success" success="True" time="0.0910235" />
              <test-case name="FastTests.Voron.Streams.CanUseStream.TreeShouldReturnAllPagesOccupiedByStreams_RavenDB_5990(tag: \&quot;RavenDB\&quot;, size: 1546581643)" executed="True" result="Success" success="True" time="0.0862044" />
              <test-case name="FastTests.Voron.Streams.CanUseStream.TreeShouldReturnAllPagesOccupiedByStreams_RavenDB_5990(tag: null, size: 1535128733)" executed="True" result="Success" success="True" time="0.0874633" />
              <test-case name="FastTests.Voron.Streams.CanUseStream.TreeShouldReturnAllPagesOccupiedByStreams_RavenDB_5990(tag: \&quot;RavenDB\&quot;, size: 509544905)" executed="True" result="Success" success="True" time="0.0819673" />
              <test-case name="FastTests.Voron.Streams.CanUseStream.CanCopyTo(size: 129)" executed="True" result="Success" success="True" time="0.0871417" />
              <test-case name="FastTests.Voron.Streams.CanUseStream.CanCopyTo(size: 2095)" executed="True" result="Success" success="True" time="0.0871526" />
              <test-case name="FastTests.Voron.Streams.CanUseStream.CanCopyTo(size: 4096)" executed="True" result="Success" success="True" time="0.0891685" />
              <test-case name="FastTests.Voron.Streams.CanUseStream.CanCopyTo(size: 8120)" executed="True" result="Success" success="True" time="0.093852" />
              <test-case name="FastTests.Voron.Streams.CanUseStream.CanCopyTo(size: 12004)" executed="True" result="Success" success="True" time="0.0939303" />
              <test-case name="FastTests.Voron.Streams.CanUseStream.CanCopyTo(size: 15911)" executed="True" result="Success" success="True" time="0.2759199" />
              <test-case name="FastTests.Voron.Streams.CanUseStream.CanCopyTo(size: 16897)" executed="True" result="Success" success="True" time="0.1455786" />
              <test-case name="FastTests.Voron.Streams.CanUseStream.CanCopyTo(size: 31911)" executed="True" result="Success" success="True" time="0.1124134" />
              <test-case name="FastTests.Voron.Streams.CanUseStream.CanCopyTo(size: 91911)" executed="True" result="Success" success="True" time="0.1660568" />
              <test-case name="FastTests.Voron.Streams.CanUseStream.CanCopyTo(size: 434669826)" executed="True" result="Success" success="True" time="0.1368247" />
              <test-case name="FastTests.Voron.Streams.CanUseStream.CanDelete(tag: null, size: 50)" executed="True" result="Success" success="True" time="0.0920687" />
              <test-case name="FastTests.Voron.Streams.CanUseStream.CanDelete(tag: null, size: 129)" executed="True" result="Success" success="True" time="0.1966832" />
              <test-case name="FastTests.Voron.Streams.CanUseStream.CanDelete(tag: null, size: 2095)" executed="True" result="Success" success="True" time="0.0811544" />
              <test-case name="FastTests.Voron.Streams.CanUseStream.CanDelete(tag: \&quot;debug tag\&quot;, size: 4096)" executed="True" result="Success" success="True" time="0.0798271" />
              <test-case name="FastTests.Voron.Streams.CanUseStream.CanDelete(tag: null, size: 8120)" executed="True" result="Success" success="True" time="0.0780479" />
              <test-case name="FastTests.Voron.Streams.CanUseStream.CanDelete(tag: \&quot;tag\&quot;, size: 12004)" executed="True" result="Success" success="True" time="0.0798642" />
              <test-case name="FastTests.Voron.Streams.CanUseStream.CanDelete(tag: null, size: 15911)" executed="True" result="Success" success="True" time="0.081747" />
              <test-case name="FastTests.Voron.Streams.CanUseStream.CanDelete(tag: null, size: 16897)" executed="True" result="Success" success="True" time="0.0788213" />
              <test-case name="FastTests.Voron.Streams.CanUseStream.CanDelete(tag: \&quot;Debug debug tag\&quot;, size: 31911)" executed="True" result="Success" success="True" time="0.0816161" />
              <test-case name="FastTests.Voron.Streams.CanUseStream.CanDelete(tag: null, size: 91911)" executed="True" result="Success" success="True" time="0.0883287" />
              <test-case name="FastTests.Voron.Streams.CanUseStream.CanDelete(tag: null, size: 1018094113)" executed="True" result="Success" success="True" time="0.084353" />
            </results>
          </test-suite>
          <test-suite type="TestCollection" executed="True" name="Test collection for FastTests.Client.Subscriptions.SubscriptionOperationsSignaling" result="Success" success="True" time="0.791">
            <results>
              <test-case name="FastTests.Client.Subscriptions.SubscriptionOperationsSignaling.WaitOnSubscriptionStopDueToSubscriberError" executed="True" result="Success" success="True" time="0.1056612" />
              <test-case name="FastTests.Client.Subscriptions.SubscriptionOperationsSignaling.WaitOnSubscriptionTaskWhenSubscriptionIsDeleted" executed="True" result="Success" success="True" time="0.103199" />
              <test-case name="FastTests.Client.Subscriptions.SubscriptionOperationsSignaling.WaitOnSubscriptionTaskWhenSubscriptionCompleted" executed="True" result="Success" success="True" time="0.1055065" />
              <test-case name="FastTests.Client.Subscriptions.SubscriptionOperationsSignaling.WaitOnSubscriptionTaskWhenSubscriptionIsOvertaken" executed="True" result="Success" success="True" time="0.4762885" />
            </results>
          </test-suite>
          <test-suite type="TestCollection" executed="True" name="Test collection for FastTests.Sparrow.IoMetric" result="Success" success="True" time="0.317">
            <results>
              <test-case name="FastTests.Sparrow.IoMetric.CanReportMetricsInParallel" executed="True" result="Success" success="True" time="0.3135144" />
              <test-case name="FastTests.Sparrow.IoMetric.CanProperlyReportIoMetrics" executed="True" result="Success" success="True" time="0.0031258" />
            </results>
          </test-suite>
          <test-suite type="TestCollection" executed="True" name="Test collection for FastTests.Blittable.MutatingJsonTests" result="Success" success="True" time="0.006">
            <results>
              <test-case name="FastTests.Blittable.MutatingJsonTests.CanModifyNestedObjectProperty" executed="True" result="Success" success="True" time="0.0017237" />
              <test-case name="FastTests.Blittable.MutatingJsonTests.CanAddAndRemoveProperty" executed="True" result="Success" success="True" time="0.0004208" />
              <test-case name="FastTests.Blittable.MutatingJsonTests.CanAddProperty" executed="True" result="Success" success="True" time="0.0004721" />
              <test-case name="FastTests.Blittable.MutatingJsonTests.WillPreserveEscapes" executed="True" result="Success" success="True" time="0.0005699" />
              <test-case name="FastTests.Blittable.MutatingJsonTests.CanModifyArrayProperty" executed="True" result="Success" success="True" time="0.0009962" />
              <test-case name="FastTests.Blittable.MutatingJsonTests.CanCompressFields" executed="True" result="Success" success="True" time="0.0005378" />
              <test-case name="FastTests.Blittable.MutatingJsonTests.CanRemoveAndAddProperty" executed="True" result="Success" success="True" time="0.000685" />
              <test-case name="FastTests.Blittable.MutatingJsonTests.CanAddNegativeIntegerProperty" executed="True" result="Success" success="True" time="0.0008299" />
            </results>
          </test-suite>
          <test-suite type="TestCollection" executed="True" name="Test collection for FastTests.Issues.RavenDB_7329" result="Success" success="True" time="0.064">
            <results>
              <test-case name="FastTests.Issues.RavenDB_7329.PublicTcpUrlShouldNotBeZeros" executed="True" result="Success" success="True" time="0.0087422" />
              <test-case name="FastTests.Issues.RavenDB_7329.UrlSchemeShouldPassThrough" executed="True" result="Success" success="True" time="0.0153992" />
              <test-case name="FastTests.Issues.RavenDB_7329.PublicTcpUrlShouldNotHavePortZero" executed="True" result="Success" success="True" time="0.0021237" />
              <test-case name="FastTests.Issues.RavenDB_7329.GivenPublicTcpServerUrlItShouldUseThatForNodeTcpServerUrl" executed="True" result="Success" success="True" time="0.0056949" />
              <test-case name="FastTests.Issues.RavenDB_7329.PublicUrlShouldNotBeZeros" executed="True" result="Success" success="True" time="0.0039336" />
              <test-case name="FastTests.Issues.RavenDB_7329.GivenPortZeroInTcpServerUrlShouldTakeItFromArg" executed="True" result="Success" success="True" time="0.0055662" />
              <test-case name="FastTests.Issues.RavenDB_7329.PublicUrlShouldHaveSameSchemeAsBindingOne" executed="True" result="Success" success="True" time="0.0023859" />
              <test-case name="FastTests.Issues.RavenDB_7329.GivenNonZeroAddressReturnsServersWebUrl" executed="True" result="Success" success="True" time="0.0053263" />
              <test-case name="FastTests.Issues.RavenDB_7329.GivenZerosInServerUrlShouldUseWebUriForNodeUrl" executed="True" result="Success" success="True" time="0.0048591" />
              <test-case name="FastTests.Issues.RavenDB_7329.GivenSetPublicServerShouldUseThatForNodeUrl" executed="True" result="Success" success="True" time="0.0066132" />
              <test-case name="FastTests.Issues.RavenDB_7329.PublicUrlShouldNotHavePortZero" executed="True" result="Success" success="True" time="0.0035795" />
            </results>
          </test-suite>
          <test-suite type="TestCollection" executed="True" name="Test collection for FastTests.Client.Indexing.IndexExtensionFromClient" result="Success" success="True" time="0.436">
            <results>
              <test-case name="FastTests.Client.Indexing.IndexExtensionFromClient.CanCompileIndexWithExtensions" executed="True" result="Success" success="True" time="0.4360556" />
            </results>
          </test-suite>
          <test-suite type="TestCollection" executed="True" name="Test collection for FastTests.Client.Subscriptions.RevisionsSubscriptions" result="Success" success="True" time="1.402">
            <results>
              <test-case name="FastTests.Client.Subscriptions.RevisionsSubscriptions.PlainRevisionsSubscriptionsCompareDocs" executed="True" result="Success" success="True" time="0.2163817" />
              <test-case name="FastTests.Client.Subscriptions.RevisionsSubscriptions.RevisionsSubscriptionsWithCustomScriptCompareDocs" executed="True" result="Success" success="True" time="0.3923613" />
              <test-case name="FastTests.Client.Subscriptions.RevisionsSubscriptions.RevisionsSubscriptionsWithCustomScript" executed="True" result="Success" success="True" time="0.3819441" />
              <test-case name="FastTests.Client.Subscriptions.RevisionsSubscriptions.PlainRevisionsSubscriptions" executed="True" result="Success" success="True" time="0.4114122" />
            </results>
          </test-suite>
          <test-suite type="TestCollection" executed="True" name="Test collection for FastTests.Issues.ThousandsSeparatorRavenDb8416" result="Success" success="True" time="0.104">
            <results>
              <test-case name="FastTests.Issues.ThousandsSeparatorRavenDb8416.CanUseThousandSeparatorInQueries" executed="True" result="Success" success="True" time="0.1035792" />
            </results>
          </test-suite>
          <test-suite type="TestCollection" executed="True" name="Test collection for FastTests.Server.Documents.Indexing.Auto.RavenDB_9292" result="Success" success="True" time="0.200">
            <results>
              <test-case name="FastTests.Server.Documents.Indexing.Auto.RavenDB_9292.Group_by_array_and_sum_by_array_items" executed="True" result="Success" success="True" time="0.1997233" />
            </results>
          </test-suite>
          <test-suite type="TestCollection" executed="True" name="Test collection for FastTests.Issues.RavenDB_7953" result="Success" success="True" time="0.002">
            <results>
              <test-case name="FastTests.Issues.RavenDB_7953.StringMethodsShouldBeAvailableInLazyStringValue" executed="True" result="Success" success="True" time="0.0024381" />
            </results>
          </test-suite>
          <test-suite type="TestCollection" executed="True" name="Test collection for FastTests.Issues.RavenDB_6305" result="Success" success="True" time="0.117">
            <results>
              <test-case name="FastTests.Issues.RavenDB_6305.CanQueryValueObject" executed="True" result="Success" success="True" time="0.1165303" />
            </results>
          </test-suite>
          <test-suite type="TestCollection" executed="True" name="Test collection for FastTests.Client.IncludesUtilTests" result="Success" success="True" time="0.006">
            <results>
              <test-case name="FastTests.Client.IncludesUtilTests.include_with_prefix" executed="True" result="Success" success="True" time="0.002864" />
              <test-case name="FastTests.Client.IncludesUtilTests.include_with_suffix" executed="True" result="Success" success="True" time="0.0030467" />
            </results>
          </test-suite>
          <test-suite type="TestCollection" executed="True" name="Test collection for FastTests.Server.Documents.Indexing.Auto.RavenDB_8761" result="Success" success="True" time="0.461">
            <results>
              <test-case name="FastTests.Server.Documents.Indexing.Auto.RavenDB_8761.Can_group_by_array_content" executed="True" result="Success" success="True" time="0.2431303" />
              <test-case name="FastTests.Server.Documents.Indexing.Auto.RavenDB_8761.Can_group_by_array_values" executed="True" result="Success" success="True" time="0.2180435" />
            </results>
          </test-suite>
          <test-suite type="TestCollection" executed="True" name="Test collection for FastTests.Client.FirstClassPatch" result="Success" success="True" time="1.649">
            <results>
              <test-case name="FastTests.Client.FirstClassPatch.CanAddToArrayAsync" executed="True" result="Success" success="True" time="0.1701999" />
              <test-case name="FastTests.Client.FirstClassPatch.CanPatchAndModifyAsync" executed="True" result="Success" success="True" time="0.1109807" />
              <test-case name="FastTests.Client.FirstClassPatch.CanAddToArray" executed="True" result="Success" success="True" time="0.1146492" />
              <test-case name="FastTests.Client.FirstClassPatch.CanRemoveFromArrayAsync" executed="True" result="Success" success="True" time="0.1090789" />
              <test-case name="FastTests.Client.FirstClassPatch.CanPatchAsync" executed="True" result="Success" success="True" time="0.1281294" />
              <test-case name="FastTests.Client.FirstClassPatch.CanRemoveFromArray" executed="True" result="Success" success="True" time="0.1027897" />
              <test-case name="FastTests.Client.FirstClassPatch.ShouldMergePatchCalls" executed="True" result="Success" success="True" time="0.1127974" />
              <test-case name="FastTests.Client.FirstClassPatch.CanPatchAndModify" executed="True" result="Success" success="True" time="0.1036193" />
              <test-case name="FastTests.Client.FirstClassPatch.CanIncrement" executed="True" result="Success" success="True" time="0.1154213" />
              <test-case name="FastTests.Client.FirstClassPatch.CanPatchComplex" executed="True" result="Success" success="True" time="0.1137934" />
              <test-case name="FastTests.Client.FirstClassPatch.CanPatch" executed="True" result="Success" success="True" time="0.1161013" />
              <test-case name="FastTests.Client.FirstClassPatch.CanPatchComplexAsync" executed="True" result="Success" success="True" time="0.115903" />
              <test-case name="FastTests.Client.FirstClassPatch.ShouldMergePatchCallsAsync" executed="True" result="Success" success="True" time="0.1180968" />
              <test-case name="FastTests.Client.FirstClassPatch.CanIncrementAsync" executed="True" result="Success" success="True" time="0.1175492" />
            </results>
          </test-suite>
          <test-suite type="TestCollection" executed="True" name="Test collection for FastTests.Issues.RavenDB_7493" result="Success" success="True" time="0.022">
            <results>
              <test-case name="FastTests.Issues.RavenDB_7493.Ensure_deserialization_routines_are_properly_created" executed="True" result="Success" success="True" time="0.0224721" />
            </results>
          </test-suite>
          <test-suite type="TestCollection" executed="True" name="Test collection for FastTests.Client.TrackEntity" result="Success" success="True" time="0.222">
            <results>
              <test-case name="FastTests.Client.TrackEntity.Loading_Deleted_Document_Should_Return_Null" executed="True" result="Success" success="True" time="0.0928228" />
              <test-case name="FastTests.Client.TrackEntity.Deleting_Entity_That_Is_Not_Tracked_Should_Throw" executed="True" result="Success" success="True" time="0.0637574" />
              <test-case name="FastTests.Client.TrackEntity.Storing_Document_With_The_Same_Id_In_The_Same_Session_Should_Throw" executed="True" result="Success" success="True" time="0.0655552" />
            </results>
          </test-suite>
          <test-suite type="TestCollection" executed="True" name="Test collection for FastTests.Client.CRUD" result="Success" success="True" time="0.979">
            <results>
              <test-case name="FastTests.Client.CRUD.CRUD_Can_Update_Property_From_Null_To_Object" executed="True" result="Success" success="True" time="0.0987868" />
              <test-case name="FastTests.Client.CRUD.CRUD_Operations_With_Array_In_Object_3" executed="True" result="Success" success="True" time="0.0724811" />
              <test-case name="FastTests.Client.CRUD.CRUD_Operations_With_Array_In_Object_4" executed="True" result="Success" success="True" time="0.0716252" />
[...]
              <test-case name="FastTests.Server.Routing.TrieTests.CanQueryTrieWithParams(url: \&quot;Databases/northwind/Docs\&quot;)" executed="True" result="Success" success="True" time="0.0000177" />
              <test-case name="FastTests.Server.Routing.TrieTests.CanQueryTrieWithParams(url: \&quot;Databases/רוח-צפונית/Docs\&quot;)" executed="True" result="Success" success="True" time="0.0000207" />
              <test-case name="FastTests.Server.Routing.TrieTests.CanQueryTrie" executed="True" result="Success" success="True" time="0.0006971" />
            </results>
          </test-suite>
          <test-suite type="TestCollection" executed="True" name="Test collection for FastTests.Client.Queries.RangeQueryTest" result="Success" success="True" time="0.272">
            <results>
              <test-case name="FastTests.Client.Queries.RangeQueryTest.RangeQuery" executed="True" result="Success" success="True" time="0.2716204" />
            </results>
          </test-suite>
          <test-suite type="TestCollection" executed="True" name="Test collection for FastTests.Sparrow.ChangeThreadPriorityTest" result="Success" success="True" time="0.002">
            <results>
              <test-case name="FastTests.Sparrow.ChangeThreadPriorityTest.StartChangeThreadPriority" executed="True" result="Success" success="True" time="0.0018805" />
            </results>
          </test-suite>
          <test-suite type="TestCollection" executed="True" name="Test collection for FastTests.Voron.Tables.SecondayIndex" result="Success" success="True" time="1.654">
            <results>
              <test-case name="FastTests.Voron.Tables.SecondayIndex.CanInsertThenUpdateThenBySecondary" executed="True" result="Success" success="True" time="0.5718998" />
              <test-case name="FastTests.Voron.Tables.SecondayIndex.CanInsertThenDeleteBySecondary" executed="True" result="Success" success="True" time="0.5438101" />
              <test-case name="FastTests.Voron.Tables.SecondayIndex.CanInsertThenReadBySecondary" executed="True" result="Success" success="True" time="0.5384162" />
            </results>
          </test-suite>
          <test-suite type="TestCollection" executed="True" name="Test collection for FastTests.Voron.Trees.TreeStateTests" result="Success" success="True" time="3.915">
            <results>
              <test-case name="FastTests.Voron.Trees.TreeStateTests.HasReducedNumberOfPagesAfterRemovingHalfOfEntries" executed="True" result="Success" success="True" time="0.5577898" />
              <test-case name="FastTests.Voron.Trees.TreeStateTests.AllPagesCantHasDuplicatesInMultiTrees" executed="True" result="Success" success="True" time="0.5461922" />
              <test-case name="FastTests.Voron.Trees.TreeStateTests.TotalPageCountConsistsOfLeafBrancheAndOverflowPages(regularItemsCount: 5, overflowsCount: 2)" executed="True" result="Success" success="True" time="0.545852" />
              <test-case name="FastTests.Voron.Trees.TreeStateTests.TotalPageCountConsistsOfLeafBrancheAndOverflowPages(regularItemsCount: 35, overflowsCount: 13)" executed="True" result="Success" success="True" time="0.5313037" />
              <test-case name="FastTests.Voron.Trees.TreeStateTests.TotalPageCountConsistsOfLeafBrancheAndOverflowPages(regularItemsCount: 256, overflowsCount: 32)" executed="True" result="Success" success="True" time="0.5296222" />
              <test-case name="FastTests.Voron.Trees.TreeStateTests.MustNotProduceNegativePageCountNumber" executed="True" result="Success" success="True" time="0.5716769" />
              <test-case name="FastTests.Voron.Trees.TreeStateTests.HasReducedTreeDepthValueAfterRemovingEntries" executed="True" result="Success" success="True" time="0.6330511" />
            </results>
          </test-suite>
          <test-suite type="TestCollection" executed="True" name="Test collection for FastTests.Server.Documents.Queries.Dynamic.Map.BasicDynamicMapQueries" result="Success" success="True" time="2.463">
            <results>
              <test-case name="FastTests.Server.Documents.Queries.Dynamic.Map.BasicDynamicMapQueries.Numeric_range_where_clause" executed="True" result="Success" success="True" time="0.1837503" />
              <test-case name="FastTests.Server.Documents.Queries.Dynamic.Map.BasicDynamicMapQueries.Sorting_by_integers" executed="True" result="Success" success="True" time="0.1576102" />
              <test-case name="FastTests.Server.Documents.Queries.Dynamic.Map.BasicDynamicMapQueries.Collection_query" executed="True" result="Success" success="True" time="0.118218" />
              <test-case name="FastTests.Server.Documents.Queries.Dynamic.Map.BasicDynamicMapQueries.Empty_query" executed="True" result="Success" success="True" time="0.1152838" />
              <test-case name="FastTests.Server.Documents.Queries.Dynamic.Map.BasicDynamicMapQueries.Can_query_on_dictionary" executed="True" result="Success" success="True" time="0.326198" />
              <test-case name="FastTests.Server.Documents.Queries.Dynamic.Map.BasicDynamicMapQueries.Numeric_between_clause" executed="True" result="Success" success="True" time="0.1501508" />
              <test-case name="FastTests.Server.Documents.Queries.Dynamic.Map.BasicDynamicMapQueries.Partial_match" executed="True" result="Success" success="True" time="0.1554008" />
              <test-case name="FastTests.Server.Documents.Queries.Dynamic.Map.BasicDynamicMapQueries.Sorting_by_nested_string_field" executed="True" result="Success" success="True" time="0.1358775" />
              <test-case name="FastTests.Server.Documents.Queries.Dynamic.Map.BasicDynamicMapQueries.Numeric_where_equals_clause" executed="True" result="Success" success="True" time="0.1418779" />
              <test-case name="FastTests.Server.Documents.Queries.Dynamic.Map.BasicDynamicMapQueries.String_where_clause" executed="True" result="Success" success="True" time="0.1547027" />
              <test-case name="FastTests.Server.Documents.Queries.Dynamic.Map.BasicDynamicMapQueries.Can_project_in_map" executed="True" result="Success" success="True" time="0.2156085" />
              <test-case name="FastTests.Server.Documents.Queries.Dynamic.Map.BasicDynamicMapQueries.Where_clause_and_sorting" executed="True" result="Success" success="True" time="0.1410949" />
              <test-case name="FastTests.Server.Documents.Queries.Dynamic.Map.BasicDynamicMapQueries.Sorting_by_doubles" executed="True" result="Success" success="True" time="0.1416358" />
              <test-case name="FastTests.Server.Documents.Queries.Dynamic.Map.BasicDynamicMapQueries.Sorting_by_nested_integer_field" executed="True" result="Success" success="True" time="0.1669283" />
              <test-case name="FastTests.Server.Documents.Queries.Dynamic.Map.BasicDynamicMapQueries.Sorting_by_strings" executed="True" result="Success" success="True" time="0.1589566" />
            </results>
          </test-suite>
          <test-suite type="TestCollection" executed="True" name="Test collection for FastTests.Server.Documents.DocumentsCrud" result="Success" success="True" time="2.765">
            <results>
              <test-case name="FastTests.Server.Documents.DocumentsCrud.WillVerifyEtags_Existing" executed="True" result="Success" success="True" time="0.1381556" />
              <test-case name="FastTests.Server.Documents.DocumentsCrud.CanDelete(id: \&quot;users/1\&quot;)" executed="True" result="Success" success="True" time="0.1233759" />
              <test-case name="FastTests.Server.Documents.DocumentsCrud.CanDelete(id: \&quot;USERs/1\&quot;)" executed="True" result="Success" success="True" time="0.1279901" />
              <test-case name="FastTests.Server.Documents.DocumentsCrud.CanDelete(id: \&quot;לכובע שלי שלוש פינות\&quot;)" executed="True" result="Success" success="True" time="0.1314053" />
              <test-case name="FastTests.Server.Documents.DocumentsCrud.WillVerifyEtags_OnDeleteNotThere" executed="True" result="Success" success="True" time="0.1062348" />
              <test-case name="FastTests.Server.Documents.DocumentsCrud.EtagsArePersistedWithDeletes" executed="True" result="Success" success="True" time="0.3181486" />
              <test-case name="FastTests.Server.Documents.DocumentsCrud.CanQueryByGlobalEtag" executed="True" result="Success" success="True" time="0.1242718" />
              <test-case name="FastTests.Server.Documents.DocumentsCrud.PutDocumentWithoutId" executed="True" result="Success" success="True" time="0.1474239" />
              <test-case name="FastTests.Server.Documents.DocumentsCrud.WillVerifyEtags_New" executed="True" result="Success" success="True" time="0.1382574" />
              <test-case name="FastTests.Server.Documents.DocumentsCrud.CanQueryByCollectionEtag" executed="True" result="Success" success="True" time="0.1344699" />
              <test-case name="FastTests.Server.Documents.DocumentsCrud.WillVerifyEtags_VerifyNew" executed="True" result="Success" success="True" time="0.1252685" />
              <test-case name="FastTests.Server.Documents.DocumentsCrud.EtagsArePersisted" executed="True" result="Success" success="True" time="0.2142694" />
              <test-case name="FastTests.Server.Documents.DocumentsCrud.WillVerifyEtags_ShouldBeNew" executed="True" result="Success" success="True" time="0.1374069" />
              <test-case name="FastTests.Server.Documents.DocumentsCrud.WillVerifyEtags_OnDeleteExisting" executed="True" result="Success" success="True" time="0.1327738" />
              <test-case name="FastTests.Server.Documents.DocumentsCrud.PutAndGetDocumentById(id: \&quot;users/1\&quot;)" executed="True" result="Success" success="True" time="0.1336961" />
              <test-case name="FastTests.Server.Documents.DocumentsCrud.PutAndGetDocumentById(id: \&quot;USERs/1\&quot;)" executed="True" result="Success" success="True" time="0.1269074" />
              <test-case name="FastTests.Server.Documents.DocumentsCrud.PutAndGetDocumentById(id: \&quot;לכובע שלי שלוש פינות\&quot;)" executed="True" result="Success" success="True" time="0.1255694" />
              <test-case name="FastTests.Server.Documents.DocumentsCrud.PutAndGetDocumentById(id: \&quot;users/111112222233333333333444444445555556\&quot;)" executed="True" result="Success" success="True" time="0.1336268" />
              <test-case name="FastTests.Server.Documents.DocumentsCrud.CanQueryByPrefix" executed="True" result="Success" success="True" time="0.1461383" />
            </results>
          </test-suite>
          <test-suite type="TestCollection" executed="True" name="Test collection for FastTests.Client.Subscriptions.RavenDB_3193" result="Success" success="True" time="0.269">
            <results>
              <test-case name="FastTests.Client.Subscriptions.RavenDB_3193.ShouldRespectCollectionCriteria" executed="True" result="Success" success="True" time="0.2693339" />
            </results>
          </test-suite>
          <test-suite type="TestCollection" executed="True" name="Test collection for FastTests.Issues.RavenDB_9955" result="Success" success="True" time="0.317">
            <results>
              <test-case name="FastTests.Issues.RavenDB_9955.JsConvertorShouldIgnoreValueProperyOfNullable" executed="True" result="Success" success="True" time="0.1738174" />
              <test-case name="FastTests.Issues.RavenDB_9955.ToDictionaryWithNullableValue" executed="True" result="Success" success="True" time="0.1433114" />
            </results>
          </test-suite>
          <test-suite type="TestCollection" executed="True" name="Test collection for FastTests.Server.Documents.Revisions.RevisionsReplication" result="Success" success="True" time="2.303">
            <results>
              <test-case name="FastTests.Server.Documents.Revisions.RevisionsReplication.RevisionsOrder" executed="True" result="Success" success="True" time="0.3321218">
                <properties>
                  <property name="Category" value="Cluster" />
                </properties>
              </test-case>
              <test-case name="FastTests.Server.Documents.Revisions.RevisionsReplication.CanGetAllRevisionsFor" executed="True" result="Success" success="True" time="0.250464">
                <properties>
                  <property name="Category" value="Cluster" />
                </properties>
              </test-case>
              <test-case name="FastTests.Server.Documents.Revisions.RevisionsReplication.WillDeleteOldRevisions" executed="True" result="Success" success="True" time="0.4013059">
                <properties>
                  <property name="Category" value="Cluster" />
                </properties>
              </test-case>
              <test-case name="FastTests.Server.Documents.Revisions.RevisionsReplication.GetRevisionsBinEntries(useSession: False)" executed="True" result="Success" success="True" time="0.532835">
                <properties>
                  <property name="Category" value="Cluster" />
                </properties>
              </test-case>
              <test-case name="FastTests.Server.Documents.Revisions.RevisionsReplication.GetRevisionsBinEntries(useSession: True)" executed="True" result="Success" success="True" time="0.4699183">
                <properties>
                  <property name="Category" value="Cluster" />
                </properties>
              </test-case>
              <test-case name="FastTests.Server.Documents.Revisions.RevisionsReplication.CanCheckIfDocumentHasRevisions" executed="True" result="Success" success="True" time="0.3163625">
                <properties>
                  <property name="Category" value="Cluster" />
                </properties>
              </test-case>
            </results>
          </test-suite>
          <test-suite type="TestCollection" executed="True" name="Test collection for FastTests.Server.Documents.Indexing.MapReduce.RavenDB_6019" result="Success" success="True" time="0.854">
            <results>
              <test-case name="FastTests.Server.Documents.Indexing.MapReduce.RavenDB_6019.Can_specify_multiple_map_functions_for_the_same_collection(numberOfDocs: 1)" executed="True" result="Success" success="True" time="0.3301937" />
              <test-case name="FastTests.Server.Documents.Indexing.MapReduce.RavenDB_6019.Can_specify_multiple_map_functions_for_the_same_collection(numberOfDocs: 2)" executed="True" result="Success" success="True" time="0.1776636" />
              <test-case name="FastTests.Server.Documents.Indexing.MapReduce.RavenDB_6019.Can_specify_multiple_map_functions_for_the_same_collection(numberOfDocs: 512)" executed="True" result="Success" success="True" time="0.3460281" />
            </results>
          </test-suite>
          <test-suite type="TestCollection" executed="True" name="Test collection for FastTests.Issues.RavenDB_9620" result="Success" success="True" time="0.016">
            <results>
              <test-case name="FastTests.Issues.RavenDB_9620.CreateServerWithIllegalAppdrivePath" executed="True" result="Success" success="True" time="0.0159846" />
            </results>
          </test-suite>
          <test-suite type="TestCollection" executed="True" name="Test collection for FastTests.Client.Indexing.DebugIndexing" result="Success" success="True" time="0.175">
            <results>
              <test-case name="FastTests.Client.Indexing.DebugIndexing.QueriesRunning" executed="True" result="Success" success="True" time="0.1748775" />
            </results>
          </test-suite>
          <test-suite type="TestCollection" executed="True" name="Test collection for FastTests.Server.Documents.Revisions.RevisionsTests" result="Success" success="True" time="2.834">
            <results>
              <test-case name="FastTests.Server.Documents.Revisions.RevisionsTests.WillNotCreateRevision" executed="True" result="Success" success="True" time="0.1359367" />
              <test-case name="FastTests.Server.Documents.Revisions.RevisionsTests.DeleteRevisionsBeforeFromConsole(useConsole: False)" executed="True" result="Success" success="True" time="0.2233385" />
              <test-case name="FastTests.Server.Documents.Revisions.RevisionsTests.DeleteRevisionsBeforeFromConsole(useConsole: True)" executed="True" result="Success" success="True" time="0.2584239" />
              <test-case name="FastTests.Server.Documents.Revisions.RevisionsTests.WillCreateValidRevisionWhenCompressionDocumentWasSaved" executed="True" result="Success" success="True" time="0.1404524" />
              <test-case name="FastTests.Server.Documents.Revisions.RevisionsTests.CanGetAllRevisionsFor" executed="True" result="Success" success="True" time="0.1646754" />
              <test-case name="FastTests.Server.Documents.Revisions.RevisionsTests.WillDeleteOldRevisions" executed="True" result="Success" success="True" time="0.2227626" />
              <test-case name="FastTests.Server.Documents.Revisions.RevisionsTests.WillDeleteRevisionsIfDeleted_OnlyIfPurgeOnDeleteIsTrue" executed="True" result="Success" success="True" time="0.279233" />
              <test-case name="FastTests.Server.Documents.Revisions.RevisionsTests.ServerSaveBundlesAfterRestart" executed="True" result="Success" success="True" time="0.294071" />
              <test-case name="FastTests.Server.Documents.Revisions.RevisionsTests.RevisionsOrder" executed="True" result="Success" success="True" time="0.104348" />
              <test-case name="FastTests.Server.Documents.Revisions.RevisionsTests.CanGetNullForNotExistsDocument" executed="True" result="Success" success="True" time="0.0863576" />
              <test-case name="FastTests.Server.Documents.Revisions.RevisionsTests.CanGetRevisionsByChangeVectors" executed="True" result="Success" success="True" time="0.2248548" />
              <test-case name="FastTests.Server.Documents.Revisions.RevisionsTests.CanCheckIfDocumentHasRevisions" executed="True" result="Success" success="True" time="0.1182245" />
              <test-case name="FastTests.Server.Documents.Revisions.RevisionsTests.GetRevisionsBinEntries(useSession: False)" executed="True" result="Success" success="True" time="0.1194319" />
              <test-case name="FastTests.Server.Documents.Revisions.RevisionsTests.GetRevisionsBinEntries(useSession: True)" executed="True" result="Success" success="True" time="0.1282132" />
              <test-case name="FastTests.Server.Documents.Revisions.RevisionsTests.WillCreateRevision" executed="True" result="Success" success="True" time="0.125689" />
              <test-case name="FastTests.Server.Documents.Revisions.RevisionsTests.CanExcludeEntitiesFromRevisions" executed="True" result="Success" success="True" time="0.1160025" />
              <test-case name="FastTests.Server.Documents.Revisions.RevisionsTests.GetRevisionsOfNotExistKey" executed="True" result="Success" success="True" time="0.0915302" />
            </results>
          </test-suite>
          <test-suite type="TestCollection" executed="True" name="Test collection for FastTests.Voron.Journal.BasicActions" result="Success" success="True" time="1.988">
            <results>
              <test-case name="FastTests.Voron.Journal.BasicActions.CanUseMultipleLogFiles" executed="True" result="Success" success="True" time="0.6664506" />
              <test-case name="FastTests.Voron.Journal.BasicActions.CanFlushDataFromLogToDataFile" executed="True" result="Success" success="True" time="0.6612894" />
              <test-case name="FastTests.Voron.Journal.BasicActions.ShouldNotReadUncommittedTransaction" executed="True" result="Success" success="True" time="0.6605849" />
            </results>
          </test-suite>
        </results>
      </test-suite>
    </results>
  </test-suite>
</test-results>